[INFO ] 2024-11-27 13:36:26.515 [main] Database - properties loaded{password=student, driver=com.mysql.cj.jdbc.Driver, url=jdbc:mysql://localhost/sportsAnalyticsPro_test, username=student}
[DEBUG] 2024-11-27 13:36:28.743 [main] UserDaoTest - User being retuned:User{id=1, userEmail='Test@123.com', favoriteTeams=[]}
[INFO ] 2024-11-27 13:52:52.597 [main] Database - properties loaded{password=student, driver=com.mysql.cj.jdbc.Driver, url=jdbc:mysql://localhost/sportsAnalyticsPro_test, username=student}
[INFO ] 2024-11-27 13:55:16.785 [main] Database - properties loaded{password=student, driver=com.mysql.cj.jdbc.Driver, url=jdbc:mysql://localhost/sportsAnalyticsPro_test, username=student}
[INFO ] 2024-11-27 13:56:41.962 [main] Database - properties loaded{password=student, driver=com.mysql.cj.jdbc.Driver, url=jdbc:mysql://localhost/sportsAnalyticsPro_test, username=student}
[DEBUG] 2024-11-27 13:56:44.260 [main] UserDaoTest - User being retuned:User{id=1, userEmail='Test@123.com', favoriteTeams=[FavoriteTeam{id=1, teamId=1}, FavoriteTeam{id=3, teamId=3}, FavoriteTeam{id=5, teamId=2}]}
[INFO ] 2024-11-27 14:13:00.165 [main] Database - properties loaded{password=student, driver=com.mysql.cj.jdbc.Driver, url=jdbc:mysql://localhost/sportsAnalyticsPro_test, username=student}
[DEBUG] 2024-11-27 14:13:02.558 [main] UserDaoTest - User being retuned:User{id=1, userEmail='Updated@123.com', favoriteTeams=[FavoriteTeam{id=1, teamId=1}, FavoriteTeam{id=3, teamId=3}, FavoriteTeam{id=5, teamId=2}]}
[INFO ] 2024-11-27 14:19:29.762 [main] Database - properties loaded{password=student, driver=com.mysql.cj.jdbc.Driver, url=jdbc:mysql://localhost/sportsAnalyticsPro_test, username=student}
[DEBUG] 2024-11-27 14:19:31.907 [main] UserDaoTest - Inserted user being retuned:newUser@123.com
[INFO ] 2024-11-27 14:26:13.166 [main] Database - properties loaded{password=student, driver=com.mysql.cj.jdbc.Driver, url=jdbc:mysql://localhost/sportsAnalyticsPro_test, username=student}
[DEBUG] 2024-11-27 14:26:15.575 [main] UserDaoTest - Deleted user being returned:User{id=1, userEmail='Test@123.com', favoriteTeams=[FavoriteTeam{id=1, teamId=1}, FavoriteTeam{id=3, teamId=3}, FavoriteTeam{id=5, teamId=2}]}
[INFO ] 2024-11-27 14:31:00.874 [main] Database - properties loaded{password=student, driver=com.mysql.cj.jdbc.Driver, url=jdbc:mysql://localhost/sportsAnalyticsPro_test, username=student}
[DEBUG] 2024-11-27 14:31:03.288 [main] UserDaoTest - Users being returned:[User{id=2, userEmail='AnotherTest@abc.com', favoriteTeams=[FavoriteTeam{id=2, teamId=2}, FavoriteTeam{id=4, teamId=4}, FavoriteTeam{id=6, teamId=1}]}, User{id=1, userEmail='Test@123.com', favoriteTeams=[FavoriteTeam{id=1, teamId=1}, FavoriteTeam{id=3, teamId=3}, FavoriteTeam{id=5, teamId=2}]}]
[INFO ] 2024-11-27 14:33:29.080 [main] Database - properties loaded{password=student, driver=com.mysql.cj.jdbc.Driver, url=jdbc:mysql://localhost/sportsAnalyticsPro_test, username=student}
[INFO ] 2024-11-27 14:38:30.507 [main] Database - properties loaded{password=student, driver=com.mysql.cj.jdbc.Driver, url=jdbc:mysql://localhost/sportsAnalyticsPro_test, username=student}
[DEBUG] 2024-11-27 14:38:32.880 [main] UserDaoTest - Users being returned by property equal:[User{id=1, userEmail='Test@123.com', favoriteTeams=[FavoriteTeam{id=1, teamId=1}, FavoriteTeam{id=3, teamId=3}, FavoriteTeam{id=5, teamId=2}]}]
[INFO ] 2024-11-27 14:39:44.314 [main] Database - properties loaded{password=student, driver=com.mysql.cj.jdbc.Driver, url=jdbc:mysql://localhost/sportsAnalyticsPro_test, username=student}
[DEBUG] 2024-11-27 14:39:46.309 [main] GenericDao - Searching for user with userEmail = .com
[DEBUG] 2024-11-27 14:39:46.484 [main] UserDaoTest - Users being returned by property like:[User{id=2, userEmail='AnotherTest@abc.com', favoriteTeams=[FavoriteTeam{id=2, teamId=2}, FavoriteTeam{id=4, teamId=4}, FavoriteTeam{id=6, teamId=1}]}, User{id=1, userEmail='Test@123.com', favoriteTeams=[FavoriteTeam{id=1, teamId=1}, FavoriteTeam{id=3, teamId=3}, FavoriteTeam{id=5, teamId=2}]}]
[INFO ] 2024-11-27 15:19:08.207 [main] Database - properties loaded{password=student, driver=com.mysql.cj.jdbc.Driver, url=jdbc:mysql://localhost/sportsAnalyticsPro_test, username=student}
[DEBUG] 2024-11-27 15:19:10.600 [main] SportDaoTest - Inserted sport: New Sport
[INFO ] 2024-11-27 15:19:18.849 [main] Database - properties loaded{password=student, driver=com.mysql.cj.jdbc.Driver, url=jdbc:mysql://localhost/sportsAnalyticsPro_test, username=student}
[INFO ] 2024-11-27 15:21:01.877 [main] Database - properties loaded{password=student, driver=com.mysql.cj.jdbc.Driver, url=jdbc:mysql://localhost/sportsAnalyticsPro_test, username=student}
[DEBUG] 2024-11-27 15:21:04.147 [main] SportDaoTest - Found teams: 2
[INFO ] 2024-11-27 15:21:29.198 [main] Database - properties loaded{password=student, driver=com.mysql.cj.jdbc.Driver, url=jdbc:mysql://localhost/sportsAnalyticsPro_test, username=student}
[DEBUG] 2024-11-27 15:21:31.472 [main] SportDaoTest - Found teams: [Sport{id=1, sportName='NBA', teams=[Team{id=3, name='Bulls', sport=NBA}, Team{id=1, name='Hawks', sport=NBA}]}, Sport{id=2, sportName='NFL', teams=[Team{id=4, name='Falcons', sport=NFL}, Team{id=2, name='Packers', sport=NFL}]}]
[INFO ] 2024-11-27 15:23:31.547 [main] Database - properties loaded{password=student, driver=com.mysql.cj.jdbc.Driver, url=jdbc:mysql://localhost/sportsAnalyticsPro_test, username=student}
[DEBUG] 2024-11-27 15:23:33.747 [main] SportDaoTest - Sports found: [Sport{id=1, sportName='NBA', teams=[Team{id=1, name='Hawks', sport=NBA}, Team{id=3, name='Bulls', sport=NBA}]}, Sport{id=2, sportName='NFL', teams=[Team{id=2, name='Packers', sport=NFL}, Team{id=4, name='Falcons', sport=NFL}]}]
[INFO ] 2024-11-27 15:26:14.571 [main] Database - properties loaded{password=student, driver=com.mysql.cj.jdbc.Driver, url=jdbc:mysql://localhost/sportsAnalyticsPro_test, username=student}
[DEBUG] 2024-11-27 15:26:16.867 [main] SportDaoTest - Sports found: [Sport{id=1, sportName='NBA', teams=[Team{id=3, name='Bulls', sport=NBA}, Team{id=1, name='Hawks', sport=NBA}]}]
[INFO ] 2024-11-27 15:28:04.182 [main] Database - properties loaded{password=student, driver=com.mysql.cj.jdbc.Driver, url=jdbc:mysql://localhost/sportsAnalyticsPro_test, username=student}
[DEBUG] 2024-11-27 15:28:06.264 [main] GenericDao - Searching for user with sportName = N
[INFO ] 2024-11-27 15:28:36.563 [main] Database - properties loaded{password=student, driver=com.mysql.cj.jdbc.Driver, url=jdbc:mysql://localhost/sportsAnalyticsPro_test, username=student}
[DEBUG] 2024-11-27 15:28:38.664 [main] GenericDao - Searching for user with sportName = N
[DEBUG] 2024-11-27 15:28:38.821 [main] SportDaoTest - Sports found: [Sport{id=1, sportName='NBA', teams=[Team{id=1, name='Hawks', sport=NBA}, Team{id=3, name='Bulls', sport=NBA}]}, Sport{id=2, sportName='NFL', teams=[Team{id=4, name='Falcons', sport=NFL}, Team{id=2, name='Packers', sport=NFL}]}]
